This is pdfTeX, Version 3.14159265-2.6-1.40.15 (TeX Live 2015/dev/Debian) (preloaded format=pdflatex 2016.1.29)  27 FEB 2017 16:01
entering extended mode
 restricted \write18 enabled.
 %&-line parsing enabled.
**FYPDocument.tex
(./FYPDocument.tex
LaTeX2e <2014/05/01>
Babel <3.9l> and hyphenation patterns for 2 languages loaded.
(/usr/share/texlive/texmf-dist/tex/latex/base/report.cls
Document Class: report 2014/09/29 v1.4h Standard LaTeX document class
(/usr/share/texlive/texmf-dist/tex/latex/base/size12.clo
File: size12.clo 2014/09/29 v1.4h Standard LaTeX file (size option)
)
\c@part=\count79
\c@chapter=\count80
\c@section=\count81
\c@subsection=\count82
\c@subsubsection=\count83
\c@paragraph=\count84
\c@subparagraph=\count85
\c@figure=\count86
\c@table=\count87
\abovecaptionskip=\skip41
\belowcaptionskip=\skip42
\bibindent=\dimen102
)
(/usr/share/texlive/texmf-dist/tex/latex/base/inputenc.sty
Package: inputenc 2014/04/30 v1.2b Input encoding file
\inpenc@prehook=\toks14
\inpenc@posthook=\toks15

(/usr/share/texlive/texmf-dist/tex/latex/base/utf8.def
File: utf8.def 2014/09/29 v1.1m UTF-8 support for inputenc
Now handling font encoding OML ...
... no UTF-8 mapping file for font encoding OML
Now handling font encoding T1 ...
... processing UTF-8 mapping file for font encoding T1

(/usr/share/texlive/texmf-dist/tex/latex/base/t1enc.dfu
File: t1enc.dfu 2014/09/29 v1.1m UTF-8 support for inputenc
   defining Unicode char U+00A1 (decimal 161)
   defining Unicode char U+00A3 (decimal 163)
   defining Unicode char U+00AB (decimal 171)
   defining Unicode char U+00BB (decimal 187)
   defining Unicode char U+00BF (decimal 191)
   defining Unicode char U+00C0 (decimal 192)
   defining Unicode char U+00C1 (decimal 193)
   defining Unicode char U+00C2 (decimal 194)
   defining Unicode char U+00C3 (decimal 195)
   defining Unicode char U+00C4 (decimal 196)
   defining Unicode char U+00C5 (decimal 197)
   defining Unicode char U+00C6 (decimal 198)
   defining Unicode char U+00C7 (decimal 199)
   defining Unicode char U+00C8 (decimal 200)
   defining Unicode char U+00C9 (decimal 201)
   defining Unicode char U+00CA (decimal 202)
   defining Unicode char U+00CB (decimal 203)
   defining Unicode char U+00CC (decimal 204)
   defining Unicode char U+00CD (decimal 205)
   defining Unicode char U+00CE (decimal 206)
   defining Unicode char U+00CF (decimal 207)
   defining Unicode char U+00D0 (decimal 208)
   defining Unicode char U+00D1 (decimal 209)
   defining Unicode char U+00D2 (decimal 210)
   defining Unicode char U+00D3 (decimal 211)
   defining Unicode char U+00D4 (decimal 212)
   defining Unicode char U+00D5 (decimal 213)
   defining Unicode char U+00D6 (decimal 214)
   defining Unicode char U+00D8 (decimal 216)
   defining Unicode char U+00D9 (decimal 217)
   defining Unicode char U+00DA (decimal 218)
   defining Unicode char U+00DB (decimal 219)
   defining Unicode char U+00DC (decimal 220)
   defining Unicode char U+00DD (decimal 221)
   defining Unicode char U+00DE (decimal 222)
   defining Unicode char U+00DF (decimal 223)
   defining Unicode char U+00E0 (decimal 224)
   defining Unicode char U+00E1 (decimal 225)
   defining Unicode char U+00E2 (decimal 226)
   defining Unicode char U+00E3 (decimal 227)
   defining Unicode char U+00E4 (decimal 228)
   defining Unicode char U+00E5 (decimal 229)
   defining Unicode char U+00E6 (decimal 230)
   defining Unicode char U+00E7 (decimal 231)
   defining Unicode char U+00E8 (decimal 232)
   defining Unicode char U+00E9 (decimal 233)
   defining Unicode char U+00EA (decimal 234)
   defining Unicode char U+00EB (decimal 235)
   defining Unicode char U+00EC (decimal 236)
   defining Unicode char U+00ED (decimal 237)
   defining Unicode char U+00EE (decimal 238)
   defining Unicode char U+00EF (decimal 239)
   defining Unicode char U+00F0 (decimal 240)
   defining Unicode char U+00F1 (decimal 241)
   defining Unicode char U+00F2 (decimal 242)
   defining Unicode char U+00F3 (decimal 243)
   defining Unicode char U+00F4 (decimal 244)
   defining Unicode char U+00F5 (decimal 245)
   defining Unicode char U+00F6 (decimal 246)
   defining Unicode char U+00F8 (decimal 248)
   defining Unicode char U+00F9 (decimal 249)
   defining Unicode char U+00FA (decimal 250)
   defining Unicode char U+00FB (decimal 251)
   defining Unicode char U+00FC (decimal 252)
   defining Unicode char U+00FD (decimal 253)
   defining Unicode char U+00FE (decimal 254)
   defining Unicode char U+00FF (decimal 255)
   defining Unicode char U+0102 (decimal 258)
   defining Unicode char U+0103 (decimal 259)
   defining Unicode char U+0104 (decimal 260)
   defining Unicode char U+0105 (decimal 261)
   defining Unicode char U+0106 (decimal 262)
   defining Unicode char U+0107 (decimal 263)
   defining Unicode char U+010C (decimal 268)
   defining Unicode char U+010D (decimal 269)
   defining Unicode char U+010E (decimal 270)
   defining Unicode char U+010F (decimal 271)
   defining Unicode char U+0110 (decimal 272)
   defining Unicode char U+0111 (decimal 273)
   defining Unicode char U+0118 (decimal 280)
   defining Unicode char U+0119 (decimal 281)
   defining Unicode char U+011A (decimal 282)
   defining Unicode char U+011B (decimal 283)
   defining Unicode char U+011E (decimal 286)
   defining Unicode char U+011F (decimal 287)
   defining Unicode char U+0130 (decimal 304)
   defining Unicode char U+0131 (decimal 305)
   defining Unicode char U+0132 (decimal 306)
   defining Unicode char U+0133 (decimal 307)
   defining Unicode char U+0139 (decimal 313)
   defining Unicode char U+013A (decimal 314)
   defining Unicode char U+013D (decimal 317)
   defining Unicode char U+013E (decimal 318)
   defining Unicode char U+0141 (decimal 321)
   defining Unicode char U+0142 (decimal 322)
   defining Unicode char U+0143 (decimal 323)
   defining Unicode char U+0144 (decimal 324)
   defining Unicode char U+0147 (decimal 327)
   defining Unicode char U+0148 (decimal 328)
   defining Unicode char U+014A (decimal 330)
   defining Unicode char U+014B (decimal 331)
   defining Unicode char U+0150 (decimal 336)
   defining Unicode char U+0151 (decimal 337)
   defining Unicode char U+0152 (decimal 338)
   defining Unicode char U+0153 (decimal 339)
   defining Unicode char U+0154 (decimal 340)
   defining Unicode char U+0155 (decimal 341)
   defining Unicode char U+0158 (decimal 344)
   defining Unicode char U+0159 (decimal 345)
   defining Unicode char U+015A (decimal 346)
   defining Unicode char U+015B (decimal 347)
   defining Unicode char U+015E (decimal 350)
   defining Unicode char U+015F (decimal 351)
   defining Unicode char U+0160 (decimal 352)
   defining Unicode char U+0161 (decimal 353)
   defining Unicode char U+0162 (decimal 354)
   defining Unicode char U+0163 (decimal 355)
   defining Unicode char U+0164 (decimal 356)
   defining Unicode char U+0165 (decimal 357)
   defining Unicode char U+016E (decimal 366)
   defining Unicode char U+016F (decimal 367)
   defining Unicode char U+0170 (decimal 368)
   defining Unicode char U+0171 (decimal 369)
   defining Unicode char U+0178 (decimal 376)
   defining Unicode char U+0179 (decimal 377)
   defining Unicode char U+017A (decimal 378)
   defining Unicode char U+017B (decimal 379)
   defining Unicode char U+017C (decimal 380)
   defining Unicode char U+017D (decimal 381)
   defining Unicode char U+017E (decimal 382)
   defining Unicode char U+200C (decimal 8204)
   defining Unicode char U+2013 (decimal 8211)
   defining Unicode char U+2014 (decimal 8212)
   defining Unicode char U+2018 (decimal 8216)
   defining Unicode char U+2019 (decimal 8217)
   defining Unicode char U+201A (decimal 8218)
   defining Unicode char U+201C (decimal 8220)
   defining Unicode char U+201D (decimal 8221)
   defining Unicode char U+201E (decimal 8222)
   defining Unicode char U+2030 (decimal 8240)
   defining Unicode char U+2031 (decimal 8241)
   defining Unicode char U+2039 (decimal 8249)
   defining Unicode char U+203A (decimal 8250)
   defining Unicode char U+2423 (decimal 9251)
)
Now handling font encoding OT1 ...
... processing UTF-8 mapping file for font encoding OT1

(/usr/share/texlive/texmf-dist/tex/latex/base/ot1enc.dfu
File: ot1enc.dfu 2014/09/29 v1.1m UTF-8 support for inputenc
   defining Unicode char U+00A1 (decimal 161)
   defining Unicode char U+00A3 (decimal 163)
   defining Unicode char U+00B8 (decimal 184)
   defining Unicode char U+00BF (decimal 191)
   defining Unicode char U+00C5 (decimal 197)
   defining Unicode char U+00C6 (decimal 198)
   defining Unicode char U+00D8 (decimal 216)
   defining Unicode char U+00DF (decimal 223)
   defining Unicode char U+00E6 (decimal 230)
   defining Unicode char U+00EC (decimal 236)
   defining Unicode char U+00ED (decimal 237)
   defining Unicode char U+00EE (decimal 238)
   defining Unicode char U+00EF (decimal 239)
   defining Unicode char U+00F8 (decimal 248)
   defining Unicode char U+0131 (decimal 305)
   defining Unicode char U+0141 (decimal 321)
   defining Unicode char U+0142 (decimal 322)
   defining Unicode char U+0152 (decimal 338)
   defining Unicode char U+0153 (decimal 339)
   defining Unicode char U+2013 (decimal 8211)
   defining Unicode char U+2014 (decimal 8212)
   defining Unicode char U+2018 (decimal 8216)
   defining Unicode char U+2019 (decimal 8217)
   defining Unicode char U+201C (decimal 8220)
   defining Unicode char U+201D (decimal 8221)
)
Now handling font encoding OMS ...
... processing UTF-8 mapping file for font encoding OMS

(/usr/share/texlive/texmf-dist/tex/latex/base/omsenc.dfu
File: omsenc.dfu 2014/09/29 v1.1m UTF-8 support for inputenc
   defining Unicode char U+00A7 (decimal 167)
   defining Unicode char U+00B6 (decimal 182)
   defining Unicode char U+00B7 (decimal 183)
   defining Unicode char U+2020 (decimal 8224)
   defining Unicode char U+2021 (decimal 8225)
   defining Unicode char U+2022 (decimal 8226)
)
Now handling font encoding OMX ...
... no UTF-8 mapping file for font encoding OMX
Now handling font encoding U ...
... no UTF-8 mapping file for font encoding U
   defining Unicode char U+00A9 (decimal 169)
   defining Unicode char U+00AA (decimal 170)
   defining Unicode char U+00AE (decimal 174)
   defining Unicode char U+00BA (decimal 186)
   defining Unicode char U+02C6 (decimal 710)
   defining Unicode char U+02DC (decimal 732)
   defining Unicode char U+200C (decimal 8204)
   defining Unicode char U+2026 (decimal 8230)
   defining Unicode char U+2122 (decimal 8482)
   defining Unicode char U+2423 (decimal 9251)
))
(/usr/share/texlive/texmf-dist/tex/latex/amsmath/amsmath.sty
Package: amsmath 2013/01/14 v2.14 AMS math features
\@mathmargin=\skip43

For additional information on amsmath, use the `?' option.
(/usr/share/texlive/texmf-dist/tex/latex/amsmath/amstext.sty
Package: amstext 2000/06/29 v2.01

(/usr/share/texlive/texmf-dist/tex/latex/amsmath/amsgen.sty
File: amsgen.sty 1999/11/30 v2.0
\@emptytoks=\toks16
\ex@=\dimen103
))
(/usr/share/texlive/texmf-dist/tex/latex/amsmath/amsbsy.sty
Package: amsbsy 1999/11/29 v1.2d
\pmbraise@=\dimen104
)
(/usr/share/texlive/texmf-dist/tex/latex/amsmath/amsopn.sty
Package: amsopn 1999/12/14 v2.01 operator names
)
\inf@bad=\count88
LaTeX Info: Redefining \frac on input line 210.
\uproot@=\count89
\leftroot@=\count90
LaTeX Info: Redefining \overline on input line 306.
\classnum@=\count91
\DOTSCASE@=\count92
LaTeX Info: Redefining \ldots on input line 378.
LaTeX Info: Redefining \dots on input line 381.
LaTeX Info: Redefining \cdots on input line 466.
\Mathstrutbox@=\box26
\strutbox@=\box27
\big@size=\dimen105
LaTeX Font Info:    Redeclaring font encoding OML on input line 566.
LaTeX Font Info:    Redeclaring font encoding OMS on input line 567.
\macc@depth=\count93
\c@MaxMatrixCols=\count94
\dotsspace@=\muskip10
\c@parentequation=\count95
\dspbrk@lvl=\count96
\tag@help=\toks17
\row@=\count97
\column@=\count98
\maxfields@=\count99
\andhelp@=\toks18
\eqnshift@=\dimen106
\alignsep@=\dimen107
\tagshift@=\dimen108
\tagwidth@=\dimen109
\totwidth@=\dimen110
\lineht@=\dimen111
\@envbody=\toks19
\multlinegap=\skip44
\multlinetaggap=\skip45
\mathdisplay@stack=\toks20
LaTeX Info: Redefining \[ on input line 2665.
LaTeX Info: Redefining \] on input line 2666.
)
(/usr/share/texlive/texmf-dist/tex/latex/appendix/appendix.sty
Package: appendix 2009/09/02 v1.2b extra appendix facilities
\c@@pps=\count100
\c@@ppsavesec=\count101
\c@@ppsaveapp=\count102
)
(/usr/share/texlive/texmf-dist/tex/latex/graphics/graphicx.sty
Package: graphicx 2014/04/25 v1.0g Enhanced LaTeX Graphics (DPC,SPQR)

(/usr/share/texlive/texmf-dist/tex/latex/graphics/keyval.sty
Package: keyval 2014/05/08 v1.15 key=value parser (DPC)
\KV@toks@=\toks21
)
(/usr/share/texlive/texmf-dist/tex/latex/graphics/graphics.sty
Package: graphics 2009/02/05 v1.0o Standard LaTeX Graphics (DPC,SPQR)

(/usr/share/texlive/texmf-dist/tex/latex/graphics/trig.sty
Package: trig 1999/03/16 v1.09 sin cos tan (DPC)
)
(/usr/share/texlive/texmf-dist/tex/latex/latexconfig/graphics.cfg
File: graphics.cfg 2010/04/23 v1.9 graphics configuration of TeX Live
)
Package graphics Info: Driver file: pdftex.def on input line 91.

(/usr/share/texlive/texmf-dist/tex/latex/pdftex-def/pdftex.def
File: pdftex.def 2011/05/27 v0.06d Graphics/color for pdfTeX

(/usr/share/texlive/texmf-dist/tex/generic/oberdiek/infwarerr.sty
Package: infwarerr 2010/04/08 v1.3 Providing info/warning/error messages (HO)
)
(/usr/share/texlive/texmf-dist/tex/generic/oberdiek/ltxcmds.sty
Package: ltxcmds 2011/11/09 v1.22 LaTeX kernel commands for general use (HO)
)
\Gread@gobject=\count103
))
\Gin@req@height=\dimen112
\Gin@req@width=\dimen113
)
(/usr/share/texlive/texmf-dist/tex/latex/wrapfig/wrapfig.sty
\wrapoverhang=\dimen114
\WF@size=\dimen115
\c@WF@wrappedlines=\count104
\WF@box=\box28
\WF@everypar=\toks22
Package: wrapfig 2003/01/31  v 3.6
)
(/usr/share/texlive/texmf-dist/tex/latex/lipsum/lipsum.sty
Package: lipsum 2014/07/27 v1.3 150 paragraphs of Lorem Ipsum dummy text
\c@lips@count=\count105
)
(/usr/share/texlive/texmf-dist/tex/latex/geometry/geometry.sty
Package: geometry 2010/09/12 v5.6 Page Geometry

(/usr/share/texlive/texmf-dist/tex/generic/oberdiek/ifpdf.sty
Package: ifpdf 2011/01/30 v2.3 Provides the ifpdf switch (HO)
Package ifpdf Info: pdfTeX in PDF mode is detected.
)
(/usr/share/texlive/texmf-dist/tex/generic/oberdiek/ifvtex.sty
Package: ifvtex 2010/03/01 v1.5 Detect VTeX and its facilities (HO)
Package ifvtex Info: VTeX not detected.
)
(/usr/share/texlive/texmf-dist/tex/generic/ifxetex/ifxetex.sty
Package: ifxetex 2010/09/12 v0.6 Provides ifxetex conditional
)
\Gm@cnth=\count106
\Gm@cntv=\count107
\c@Gm@tempcnt=\count108
\Gm@bindingoffset=\dimen116
\Gm@wd@mp=\dimen117
\Gm@odd@mp=\dimen118
\Gm@even@mp=\dimen119
\Gm@layoutwidth=\dimen120
\Gm@layoutheight=\dimen121
\Gm@layouthoffset=\dimen122
\Gm@layoutvoffset=\dimen123
\Gm@dimlist=\toks23
)
(/usr/share/texlive/texmf-dist/tex/latex/listings/listings.sty
\lst@mode=\count109
\lst@gtempboxa=\box29
\lst@token=\toks24
\lst@length=\count110
\lst@currlwidth=\dimen124
\lst@column=\count111
\lst@pos=\count112
\lst@lostspace=\dimen125
\lst@width=\dimen126
\lst@newlines=\count113
\lst@lineno=\count114
\lst@maxwidth=\dimen127

(/usr/share/texlive/texmf-dist/tex/latex/listings/lstmisc.sty
File: lstmisc.sty 2014/09/06 1.5e (Carsten Heinz)
\c@lstnumber=\count115
\lst@skipnumbers=\count116
\lst@framebox=\box30
)
(/usr/share/texlive/texmf-dist/tex/latex/listings/listings.cfg
File: listings.cfg 2014/09/06 1.5e listings configuration
))
Package: listings 2014/09/06 1.5e (Carsten Heinz)

(/usr/share/texlive/texmf-dist/tex/latex/caption/caption.sty
Package: caption 2013/05/02 v3.3-89 Customizing captions (AR)

(/usr/share/texlive/texmf-dist/tex/latex/caption/caption3.sty
Package: caption3 2013/05/02 v1.6-88 caption3 kernel (AR)
Package caption3 Info: TeX engine: e-TeX on input line 57.
\captionmargin=\dimen128
\captionmargin@=\dimen129
\captionwidth=\dimen130
\caption@tempdima=\dimen131
\caption@indent=\dimen132
\caption@parindent=\dimen133
\caption@hangindent=\dimen134
)
\c@ContinuedFloat=\count117
Package caption Info: listings package is loaded.
Package caption Info: wrapfig package is loaded.
)
(/usr/share/texlive/texmf-dist/tex/latex/caption/subcaption.sty
Package: subcaption 2013/02/03 v1.1-62 Sub-captions (AR)
\c@subfigure=\count118
\c@subtable=\count119
)
(/usr/share/texlive/texmf-dist/tex/latex/adjustbox/adjustbox.sty
Package: adjustbox 2012/05/21 v1.0 Adjusting TeX boxes (trim, clip, ...)

(/usr/share/texlive/texmf-dist/tex/latex/xkeyval/xkeyval.sty
Package: xkeyval 2014/05/25 v2.7 package option processing (HA)

(/usr/share/texlive/texmf-dist/tex/generic/xkeyval/xkeyval.tex
(/usr/share/texlive/texmf-dist/tex/generic/xkeyval/xkvutils.tex
\XKV@toks=\toks25
\XKV@tempa@toks=\toks26
)
\XKV@depth=\count120
File: xkeyval.tex 2014/05/25 v2.7 key=value parser (HA)
))
(/usr/share/texlive/texmf-dist/tex/latex/adjustbox/adjcalc.sty
Package: adjcalc 2012/05/16 v1.1 Provides advanced setlength with multiple back
-ends (calc, etex, pgfmath)
)
(/usr/share/texlive/texmf-dist/tex/latex/adjustbox/trimclip.sty
Package: trimclip 2012/05/16 v1.0 Trim and clip general TeX material

(/usr/share/texlive/texmf-dist/tex/latex/collectbox/collectbox.sty
Package: collectbox 2012/05/17 v0.4b Collect macro arguments as boxes
\collectedbox=\box31
)
\tc@llx=\dimen135
\tc@lly=\dimen136
\tc@urx=\dimen137
\tc@ury=\dimen138
Package trimclip Info: Using driver 'tc-pdftex.def'.

(/usr/share/texlive/texmf-dist/tex/latex/adjustbox/tc-pdftex.def
File: tc-pdftex.def 2012/05/13 v1.0 Clipping driver for pdftex
))
\adjbox@Width=\dimen139
\adjbox@Height=\dimen140
\adjbox@Depth=\dimen141
\adjbox@Totalheight=\dimen142

(/usr/share/texlive/texmf-dist/tex/latex/ifoddpage/ifoddpage.sty
Package: ifoddpage 2011/09/13 v1.0 Conditionals for odd/even page detection
\c@checkoddpage=\count121
)
(/usr/share/texlive/texmf-dist/tex/latex/varwidth/varwidth.sty
Package: varwidth 2009/03/30 ver 0.92;  Variable-width minipages
\@vwid@box=\box32
\sift@deathcycles=\count122
\@vwid@loff=\dimen143
\@vwid@roff=\dimen144
))
(/usr/share/texlive/texmf-dist/tex/latex/titlesec/titlesec.sty
Package: titlesec 2011/12/15 v2.10.0 Sectioning titles
\ttl@box=\box33
\beforetitleunit=\skip46
\aftertitleunit=\skip47
\ttl@plus=\dimen145
\ttl@minus=\dimen146
\ttl@toksa=\toks27
\titlewidth=\dimen147
\titlewidthlast=\dimen148
\titlewidthfirst=\dimen149
)
(/usr/share/texlive/texmf-dist/tex/latex/booktabs/booktabs.sty
Package: booktabs 2005/04/14 v1.61803 publication quality tables
\heavyrulewidth=\dimen150
\lightrulewidth=\dimen151
\cmidrulewidth=\dimen152
\belowrulesep=\dimen153
\belowbottomsep=\dimen154
\aboverulesep=\dimen155
\abovetopsep=\dimen156
\cmidrulesep=\dimen157
\cmidrulekern=\dimen158
\defaultaddspace=\dimen159
\@cmidla=\count123
\@cmidlb=\count124
\@aboverulesep=\dimen160
\@belowrulesep=\dimen161
\@thisruleclass=\count125
\@lastruleclass=\count126
\@thisrulewidth=\dimen162
)
(/usr/share/texlive/texmf-dist/tex/latex/url/url.sty
\Urlmuskip=\muskip11
Package: url 2013/09/16  ver 3.4  Verb mode for urls, etc.
) (./FYPDocument.aux

LaTeX Warning: Label `wrap-fig:2' multiply defined.

)
\openout1 = `FYPDocument.aux'.

LaTeX Font Info:    Checking defaults for OML/cmm/m/it on input line 18.
LaTeX Font Info:    ... okay on input line 18.
LaTeX Font Info:    Checking defaults for T1/cmr/m/n on input line 18.
LaTeX Font Info:    ... okay on input line 18.
LaTeX Font Info:    Checking defaults for OT1/cmr/m/n on input line 18.
LaTeX Font Info:    ... okay on input line 18.
LaTeX Font Info:    Checking defaults for OMS/cmsy/m/n on input line 18.
LaTeX Font Info:    ... okay on input line 18.
LaTeX Font Info:    Checking defaults for OMX/cmex/m/n on input line 18.
LaTeX Font Info:    ... okay on input line 18.
LaTeX Font Info:    Checking defaults for U/cmr/m/n on input line 18.
LaTeX Font Info:    ... okay on input line 18.
 (/usr/share/texlive/texmf-dist/tex/context/base/supp-pdf.mkii
[Loading MPS to PDF converter (version 2006.09.02).]
\scratchcounter=\count127
\scratchdimen=\dimen163
\scratchbox=\box34
\nofMPsegments=\count128
\nofMParguments=\count129
\everyMPshowfont=\toks28
\MPscratchCnt=\count130
\MPscratchDim=\dimen164
\MPnumerator=\count131
\makeMPintoPDFobject=\count132
\everyMPtoPDFconversion=\toks29
) (/usr/share/texlive/texmf-dist/tex/generic/oberdiek/pdftexcmds.sty
Package: pdftexcmds 2011/11/29 v0.20 Utility functions of pdfTeX for LuaTeX (HO
)

(/usr/share/texlive/texmf-dist/tex/generic/oberdiek/ifluatex.sty
Package: ifluatex 2010/03/01 v1.3 Provides the ifluatex switch (HO)
Package ifluatex Info: LuaTeX not detected.
)
Package pdftexcmds Info: LuaTeX not detected.
Package pdftexcmds Info: \pdf@primitive is available.
Package pdftexcmds Info: \pdf@ifprimitive is available.
Package pdftexcmds Info: \pdfdraftmode found.
)
(/usr/share/texlive/texmf-dist/tex/latex/oberdiek/epstopdf-base.sty
Package: epstopdf-base 2010/02/09 v2.5 Base part for package epstopdf

(/usr/share/texlive/texmf-dist/tex/latex/oberdiek/grfext.sty
Package: grfext 2010/08/19 v1.1 Manage graphics extensions (HO)

(/usr/share/texlive/texmf-dist/tex/generic/oberdiek/kvdefinekeys.sty
Package: kvdefinekeys 2011/04/07 v1.3 Define keys (HO)
))
(/usr/share/texlive/texmf-dist/tex/latex/oberdiek/kvoptions.sty
Package: kvoptions 2011/06/30 v3.11 Key value format for package options (HO)

(/usr/share/texlive/texmf-dist/tex/generic/oberdiek/kvsetkeys.sty
Package: kvsetkeys 2012/04/25 v1.16 Key value parser (HO)

(/usr/share/texlive/texmf-dist/tex/generic/oberdiek/etexcmds.sty
Package: etexcmds 2011/02/16 v1.5 Avoid name clashes with e-TeX commands (HO)
Package etexcmds Info: Could not find \expanded.
(etexcmds)             That can mean that you are not using pdfTeX 1.50 or
(etexcmds)             that some package has redefined \expanded.
(etexcmds)             In the latter case, load this package earlier.
)))
Package grfext Info: Graphics extension search list:
(grfext)             [.png,.pdf,.jpg,.mps,.jpeg,.jbig2,.jb2,.PNG,.PDF,.JPG,.JPE
G,.JBIG2,.JB2,.eps]
(grfext)             \AppendGraphicsExtensions on input line 452.

(/usr/share/texlive/texmf-dist/tex/latex/latexconfig/epstopdf-sys.cfg
File: epstopdf-sys.cfg 2010/07/13 v1.3 Configuration of (r)epstopdf for TeX Liv
e
))
*geometry* driver: auto-detecting
*geometry* detected driver: pdftex
*geometry* verbose mode - [ preamble ] result:
* driver: pdftex
* paper: a4paper
* layout: <same size as paper>
* layoutoffset:(h,v)=(0.0pt,0.0pt)
* modes: twoside 
* h-part:(L,W,R)=(71.13188pt, 469.47049pt, 56.9055pt)
* v-part:(T,H,B)=(42.67912pt, 745.46222pt, 56.9055pt)
* \paperwidth=597.50787pt
* \paperheight=845.04684pt
* \textwidth=469.47049pt
* \textheight=745.46222pt
* \oddsidemargin=-1.1381pt
* \evensidemargin=-15.36449pt
* \topmargin=-66.59087pt
* \headheight=12.0pt
* \headsep=25.0pt
* \topskip=12.0pt
* \footskip=30.0pt
* \marginparwidth=85.0pt
* \marginparsep=10.0pt
* \columnsep=10.0pt
* \skip\footins=10.8pt plus 4.0pt minus 2.0pt
* \hoffset=0.0pt
* \voffset=0.0pt
* \mag=1000
* \@twocolumnfalse
* \@twosidetrue
* \@mparswitchtrue
* \@reversemarginfalse
* (1in=72.27pt=25.4mm, 1cm=28.453pt)

\c@lstlisting=\count133
Package caption Info: Begin \AtBeginDocument code.
Package caption Info: End \AtBeginDocument code.
<Images/CoverPage.png, id=1, 1612.0225pt x 939.51pt>
File: Images/CoverPage.png Graphic file (type png)

<use Images/CoverPage.png>
Package pdftex.def Info: Images/CoverPage.png used on input line 34.
(pdftex.def)             Requested size: 375.57848pt x 256.06516pt.


LaTeX Warning: No \author given.

[1

{/var/lib/texmf/fonts/map/pdftex/updmap/pdftex.map} <./Images/CoverPage.png>]
Underfull \hbox (badness 10000) in paragraph at lines 39--47

 []

[2] [1] (./FYPDocument.toc)
\tf@toc=\write3
\openout3 = `FYPDocument.toc'.

 [2

]
Chapter 1.
(./Chapters/Introduction.tex
Underfull \hbox (badness 10000) in paragraph at lines 2--5

 []

LaTeX Font Info:    Try loading font information for OML+cmr on input line 9.
(/usr/share/texlive/texmf-dist/tex/latex/base/omlcmr.fd
File: omlcmr.fd 2014/09/29 v2.5h Standard LaTeX font definitions
)
LaTeX Font Info:    Font shape `OML/cmr/m/n' in size <12> not available
(Font)              Font shape `OML/cmm/m/it' tried instead on input line 9.

Underfull \hbox (badness 10000) in paragraph at lines 9--10

 []

) [3

]
Chapter 2.
(./Chapters/Maths.tex
Underfull \hbox (badness 10000) in paragraph at lines 5--9

 []

<Images/NBLHistSmallVals.png, id=24, 310.15875pt x 419.31656pt>
File: Images/NBLHistSmallVals.png Graphic file (type png)

<use Images/NBLHistSmallVals.png>
Package pdftex.def Info: Images/NBLHistSmallVals.png used on input line 14.
(pdftex.def)             Requested size: 169.00713pt x 170.71162pt.

<Images/NBLBoxPlot.png, id=25, 310.15875pt x 419.31656pt>
File: Images/NBLBoxPlot.png Graphic file (type png)

<use Images/NBLBoxPlot.png>
Package pdftex.def Info: Images/NBLBoxPlot.png used on input line 20.
(pdftex.def)             Requested size: 187.78622pt x 170.71162pt.


LaTeX Warning: `h' float specifier changed to `ht'.

[4

] <Images/DurationOutliers.png, id=30, 548.80031pt x 419.31656pt>
File: Images/DurationOutliers.png Graphic file (type png)

<use Images/DurationOutliers.png>
Package pdftex.def Info: Images/DurationOutliers.png used on input line 31.
(pdftex.def)             Requested size: 281.69322pt x 213.39433pt.
 [5 <./Images/NBLHistSmallVals.png> <./Images/NBLBoxPlot.png (PNG copy)> <./Ima
ges/DurationOutliers.png (PNG copy)>]

LaTeX Warning: Command \textendash invalid in math mode on input line 48.


Underfull \hbox (badness 10000) in paragraph at lines 59--62

 []


Underfull \hbox (badness 10000) in paragraph at lines 62--67

 []

[6] <Images/NBLDensityPlot.png, id=41, 310.15875pt x 419.31656pt>
File: Images/NBLDensityPlot.png Graphic file (type png)

<use Images/NBLDensityPlot.png>
Package pdftex.def Info: Images/NBLDensityPlot.png used on input line 72.
(pdftex.def)             Requested size: 187.78622pt x 199.16463pt.

<Images/NBLDivDurDensityPlot.png, id=42, 310.15875pt x 419.31656pt>
File: Images/NBLDivDurDensityPlot.png Graphic file (type png)

<use Images/NBLDivDurDensityPlot.png>
Package pdftex.def Info: Images/NBLDivDurDensityPlot.png used on input line 78.

(pdftex.def)             Requested size: 187.78622pt x 199.16463pt.

Underfull \hbox (badness 10000) in paragraph at lines 83--86

 []

(/usr/share/texlive/texmf-dist/tex/latex/listings/lstlang1.sty
File: lstlang1.sty 2014/09/06 1.5e listings language file
)
(/usr/share/texlive/texmf-dist/tex/latex/listings/lstlang2.sty
File: lstlang2.sty 2014/09/06 1.5e listings language file
)
(/usr/share/texlive/texmf-dist/tex/latex/listings/lstlang3.sty
File: lstlang3.sty 2014/09/06 1.5e listings language file
)
LaTeX Font Info:    Try loading font information for OMS+cmr on input line 104.


(/usr/share/texlive/texmf-dist/tex/latex/base/omscmr.fd
File: omscmr.fd 2014/09/29 v2.5h Standard LaTeX font definitions
)
LaTeX Font Info:    Font shape `OMS/cmr/bx/n' in size <6> not available
(Font)              Font shape `OMS/cmsy/b/n' tried instead on input line 104.
 [7 <./Images/NBLDensityPlot.png> <./Images/NBLDivDurDensityPlot.png>]
<Images/TrainingByHour.png, id=51, 462.97969pt x 419.31656pt>
File: Images/TrainingByHour.png Graphic file (type png)

<use Images/TrainingByHour.png>
Package pdftex.def Info: Images/TrainingByHour.png used on input line 117.
(pdftex.def)             Requested size: 150.23347pt x 184.94133pt.

<Images/TrainingFreqDay.png, id=52, 462.97969pt x 419.31656pt>
File: Images/TrainingFreqDay.png Graphic file (type png)

<use Images/TrainingFreqDay.png>
Package pdftex.def Info: Images/TrainingFreqDay.png used on input line 122.
(pdftex.def)             Requested size: 150.23347pt x 184.94133pt.

<Images/MonthlyDrills.png, id=53, 462.97969pt x 419.31656pt>
File: Images/MonthlyDrills.png Graphic file (type png)

<use Images/MonthlyDrills.png>
Package pdftex.def Info: Images/MonthlyDrills.png used on input line 127.
(pdftex.def)             Requested size: 150.23347pt x 184.94133pt.

<Images/DurationForSeason.png, id=54, 462.97969pt x 419.31656pt>
File: Images/DurationForSeason.png Graphic file (type png)

<use Images/DurationForSeason.png>
Package pdftex.def Info: Images/DurationForSeason.png used on input line 139.
(pdftex.def)             Requested size: 225.34315pt x 199.16463pt.

<Images/NBLTime.png, id=55, 462.97969pt x 419.31656pt>
File: Images/NBLTime.png Graphic file (type png)

<use Images/NBLTime.png>
Package pdftex.def Info: Images/NBLTime.png used on input line 144.
(pdftex.def)             Requested size: 225.34315pt x 199.16463pt.

Underfull \hbox (badness 10000) in paragraph at lines 112--149
 
 []


Underfull \hbox (badness 10000) in paragraph at lines 112--149

 []


Underfull \hbox (badness 10000) in paragraph at lines 112--149

 []


LaTeX Warning: `h' float specifier changed to `ht'.

<Images/NBLScaledByDuration.png, id=56, 412.54124pt x 435.12563pt>
File: Images/NBLScaledByDuration.png Graphic file (type png)

<use Images/NBLScaledByDuration.png>
Package pdftex.def Info: Images/NBLScaledByDuration.png used on input line 152.

(pdftex.def)             Requested size: 281.68889pt x 227.62772pt.


LaTeX Warning: `h' float specifier changed to `ht'.

[8 <./Images/TrainingByHour.png> <./Images/TrainingFreqDay.png> <./Images/Month
lyDrills.png>] <Images/NBLPosDotPlot.png, id=63, 524.71031pt x 435.12563pt>
File: Images/NBLPosDotPlot.png Graphic file (type png)

<use Images/NBLPosDotPlot.png>
Package pdftex.def Info: Images/NBLPosDotPlot.png used on input line 164.
(pdftex.def)             Requested size: 225.3408pt x 184.94917pt.

<Images/UnscaledDotplot.png, id=64, 524.71031pt x 435.12563pt>
File: Images/UnscaledDotplot.png Graphic file (type png)

<use Images/UnscaledDotplot.png>
Package pdftex.def Info: Images/UnscaledDotplot.png used on input line 169.
(pdftex.def)             Requested size: 225.3408pt x 184.94917pt.

<Images/CorrelationPlot.png, id=65, 434.37282pt x 419.31656pt>
File: Images/CorrelationPlot.png Graphic file (type png)

<use Images/CorrelationPlot.png>
Package pdftex.def Info: Images/CorrelationPlot.png used on input line 181.
(pdftex.def)             Requested size: 375.60138pt x 284.52364pt.

Overfull \hbox (16.60919pt too wide) in paragraph at lines 159--185
\OT1/cmr/m/n/12 The next part of the data ex-plo-ration fo-cused on ex-am-in-in
g pos-si-ble pre-dic-tors of New.Bodyload.
 []


Underfull \hbox (badness 10000) in paragraph at lines 159--185

 []


Underfull \hbox (badness 10000) in paragraph at lines 159--185

 []


Underfull \hbox (badness 10000) in paragraph at lines 159--185

 []


LaTeX Warning: `h' float specifier changed to `ht'.

[9 <./Images/DurationForSeason.png (PNG copy)> <./Images/NBLTime.png (PNG copy)
> <./Images/NBLScaledByDuration.png (PNG copy)>]

LaTeX Warning: `h' float specifier changed to `ht'.

[10 <./Images/NBLPosDotPlot.png (PNG copy)> <./Images/UnscaledDotplot.png (PNG 
copy)>] [11 <./Images/CorrelationPlot.png (PNG copy)>]
<Images/SimpleRegressionOutput.png, id=79, 565.11125pt x 886.31125pt>
File: Images/SimpleRegressionOutput.png Graphic file (type png)

<use Images/SimpleRegressionOutput.png>
Package pdftex.def Info: Images/SimpleRegressionOutput.png used on input line 2
20.
(pdftex.def)             Requested size: 422.52057pt x 662.68968pt.

<Images/SimpleLinearResidual.png, id=80, 689.57625pt x 420.06938pt>
File: Images/SimpleLinearResidual.png Graphic file (type png)

<use Images/SimpleLinearResidual.png>
Package pdftex.def Info: Images/SimpleLinearResidual.png used on input line 238
.
(pdftex.def)             Requested size: 139.42798pt x 142.26405pt.

<Images/SimpleLinearHist.png, id=81, 808.52063pt x 420.06938pt>
File: Images/SimpleLinearHist.png Graphic file (type png)

<use Images/SimpleLinearHist.png>
Package pdftex.def Info: Images/SimpleLinearHist.png used on input line 244.
(pdftex.def)             Requested size: 139.43294pt x 142.26405pt.

<Images/QuantilePlot.png, id=82, 434.37282pt x 419.31656pt>
File: Images/QuantilePlot.png Graphic file (type png)

<use Images/QuantilePlot.png>
Package pdftex.def Info: Images/QuantilePlot.png used on input line 249.
(pdftex.def)             Requested size: 139.43295pt x 142.25862pt.
 [12] [13 <./Images/SimpleRegressionOutput.png>]
Underfull \hbox (badness 10000) in paragraph at lines 254--257

 []

[14 <./Images/SimpleLinearResidual.png (PNG copy)> <./Images/SimpleLinearHist.p
ng (PNG copy)> <./Images/QuantilePlot.png>]
<Images/ForwardSelectionPlot.png, id=95, 434.37282pt x 419.31656pt>
File: Images/ForwardSelectionPlot.png Graphic file (type png)

<use Images/ForwardSelectionPlot.png>
Package pdftex.def Info: Images/ForwardSelectionPlot.png used on input line 278
.
(pdftex.def)             Requested size: 190.13705pt x 142.25862pt.

<Images/QuantilePlot10Predictors.png, id=96, 434.37282pt x 419.31656pt>
File: Images/QuantilePlot10Predictors.png Graphic file (type png)

<use Images/QuantilePlot10Predictors.png>
Package pdftex.def Info: Images/QuantilePlot10Predictors.png used on input line
 284.
(pdftex.def)             Requested size: 190.13705pt x 142.25862pt.
 [15 <./Images/ForwardSelectionPlot.png> <./Images/QuantilePlot10Predictors.png
>]
<Images/VIFForwardSelection.png, id=102, 726.46407pt x 529.22719pt>
File: Images/VIFForwardSelection.png Graphic file (type png)

<use Images/VIFForwardSelection.png>
Package pdftex.def Info: Images/VIFForwardSelection.png used on input line 292.

(pdftex.def)             Requested size: 422.52057pt x 307.80797pt.

Overfull \hbox (1.24362pt too wide) in paragraph at lines 289--295
\OT1/cmr/m/n/12 Metabolic.Load.Time.Zone.2, Col-li-sions, Max.Speed, Speed.Exer
tion, Avg.Speed. In-tu-itively
 []


Package amsmath Warning: Foreign command \atopwithdelims;
(amsmath)                \frac or \genfrac should be used instead
(amsmath)                 on input line 297.

<Images/BestSubsetSelectionConclusion.png, id=103, 482.80376pt x 258.9675pt>
File: Images/BestSubsetSelectionConclusion.png Graphic file (type png)

<use Images/BestSubsetSelectionConclusion.png>
Package pdftex.def Info: Images/BestSubsetSelectionConclusion.png used on input
 line 300.
(pdftex.def)             Requested size: 352.10286pt x 188.86687pt.


LaTeX Warning: `h' float specifier changed to `ht'.


Underfull \vbox (badness 2781) has occurred while \output is active []

 [16 <./Images/VIFForwardSelection.png>]
Overfull \hbox (2.39685pt too wide) in paragraph at lines 307--309
\OT1/cmr/m/n/12 Metabolic.Load.Time.Zone.2, Im-pacts.Zone.6, Im-pacts.Zone.5, M
etabolic.Load.Time.Zone.1. 
 []

<Images/PolynomialBestSubset.png, id=108, 486.81876pt x 298.11375pt>
File: Images/PolynomialBestSubset.png Graphic file (type png)

<use Images/PolynomialBestSubset.png>
Package pdftex.def Info: Images/PolynomialBestSubset.png used on input line 315
.
(pdftex.def)             Requested size: 281.68652pt x 170.7181pt.

Overfull \hbox (7.8021pt too wide) in paragraph at lines 312--322
\OT1/cmr/m/n/12 New.Bodyload), 7 new columns were cre-ated cor-re-spond-ing to 
$\OML/cmm/m/it/12 X[]; i \OMS/cmsy/m/n/12 2 f^^@\OT1/cmr/m/n/12 4\OML/cmm/m/it/
12 ; \OMS/cmsy/m/n/12 ^^@\OT1/cmr/m/n/12 3\OML/cmm/m/it/12 ; \OMS/cmsy/m/n/12 ^
^@\OT1/cmr/m/n/12 2\OML/cmm/m/it/12 ; \OMS/cmsy/m/n/12 ^^@\OT1/cmr/m/n/12 1\OML
/cmm/m/it/12 ; \OT1/cmr/m/n/12 2\OML/cmm/m/it/12 ; \OT1/cmr/m/n/12 3\OML/cmm/m/
it/12 ; \OT1/cmr/m/n/12 4\OMS/cmsy/m/n/12 g$\OT1/cmr/m/n/12 .
 []


Underfull \hbox (badness 10000) in paragraph at lines 312--322

 []


LaTeX Warning: `h' float specifier changed to `ht'.

[17 <./Images/BestSubsetSelectionConclusion.png>]
<Images/InteractionModelBestSubset.png, id=113, 490.83376pt x 305.14pt>
File: Images/InteractionModelBestSubset.png Graphic file (type png)

<use Images/InteractionModelBestSubset.png>
Package pdftex.def Info: Images/InteractionModelBestSubset.png used on input li
ne 327.
(pdftex.def)             Requested size: 281.69545pt x 170.72357pt.
 [18 <./Images/PolynomialBestSubset.png> <./Images/InteractionModelBestSubset.p
ng>]
<Images/CumulativePVEPCA.png, id=117, 386.94562pt x 435.87843pt>
File: Images/CumulativePVEPCA.png Graphic file (type png)

<use Images/CumulativePVEPCA.png>
Package pdftex.def Info: Images/CumulativePVEPCA.png used on input line 340.
(pdftex.def)             Requested size: 151.55174pt x 170.71652pt.

Overfull \hbox (9.28796pt too wide) in paragraph at lines 340--341
[][] 
 []

<Images/DecisionTreeNoOut.png, id=118, 508.90125pt x 435.87843pt>
File: Images/DecisionTreeNoOut.png Graphic file (type png)

<use Images/DecisionTreeNoOut.png>
Package pdftex.def Info: Images/DecisionTreeNoOut.png used on input line 350.
(pdftex.def)             Requested size: 341.44351pt x 256.07529pt.

Underfull \hbox (badness 10000) in paragraph at lines 347--354

 []

[19 <./Images/CumulativePVEPCA.png>] [20 <./Images/DecisionTreeNoOut.png (PNG c
opy)>] <Images/ClusteringCenters.png, id=126, 918.43124pt x 48.18pt>
File: Images/ClusteringCenters.png Graphic file (type png)

<use Images/ClusteringCenters.png>
Package pdftex.def Info: Images/ClusteringCenters.png used on input line 365.
(pdftex.def)             Requested size: 478.00742pt x 28.4524pt.

Overfull \hbox (8.53693pt too wide) in paragraph at lines 365--366
 [][] 
 []

<Images/DurationvsNBL.png, id=127, 520.19344pt x 435.12563pt>
File: Images/DurationvsNBL.png Graphic file (type png)

<use Images/DurationvsNBL.png>
Package pdftex.def Info: Images/DurationvsNBL.png used on input line 373.
(pdftex.def)             Requested size: 154.92416pt x 184.94917pt.

Underfull \hbox (badness 4205) in paragraph at lines 375--375
[]\OT1/cmr/bx/n/8 Figure 2.28: |\OT1/cmr/m/n/8 Du-ra-tion vs.
 []

<Images/DistancevsNBL.png, id=128, 520.19344pt x 435.12563pt>
File: Images/DistancevsNBL.png Graphic file (type png)

<use Images/DistancevsNBL.png>
Package pdftex.def Info: Images/DistancevsNBL.png used on input line 380.
(pdftex.def)             Requested size: 154.92416pt x 184.94917pt.

Underfull \hbox (badness 5036) in paragraph at lines 382--382
[]\OT1/cmr/bx/n/8 Figure 2.29: |\OT1/cmr/m/n/8 Dis-tance vs.
 []

<Images/CollisionsvsNBL.png, id=129, 520.19344pt x 435.12563pt>
File: Images/CollisionsvsNBL.png Graphic file (type png)

<use Images/CollisionsvsNBL.png>
Package pdftex.def Info: Images/CollisionsvsNBL.png used on input line 387.
(pdftex.def)             Requested size: 154.92416pt x 184.94917pt.

Underfull \hbox (badness 3108) in paragraph at lines 389--389
[]\OT1/cmr/bx/n/8 Figure 2.30: |\OT1/cmr/m/n/8 Col-li-sions vs.
 []

<Images/ImpactsZone2vsNBL.png, id=130, 391.4625pt x 435.12563pt>
File: Images/ImpactsZone2vsNBL.png Graphic file (type png)

<use Images/ImpactsZone2vsNBL.png>
Package pdftex.def Info: Images/ImpactsZone2vsNBL.png used on input line 395.
(pdftex.def)             Requested size: 154.92763pt x 184.94917pt.

<Images/ImpactsZone3vsNBL.png, id=131, 391.4625pt x 435.12563pt>
File: Images/ImpactsZone3vsNBL.png Graphic file (type png)

<use Images/ImpactsZone3vsNBL.png>
Package pdftex.def Info: Images/ImpactsZone3vsNBL.png used on input line 402.
(pdftex.def)             Requested size: 154.92763pt x 184.94917pt.

<Images/MetLoad2vsNBL.png, id=132, 520.19344pt x 435.12563pt>
File: Images/MetLoad2vsNBL.png Graphic file (type png)

<use Images/MetLoad2vsNBL.png>
Package pdftex.def Info: Images/MetLoad2vsNBL.png used on input line 409.
(pdftex.def)             Requested size: 154.92416pt x 184.94917pt.

Underfull \hbox (badness 10000) in paragraph at lines 411--411
[]\OT1/cmr/bx/n/8 Figure 2.33:
 []


Underfull \hbox (badness 10000) in paragraph at lines 411--411
|\OT1/cmr/m/n/8 Metabolic.Load.Time.Zone.2 vs.
 []


LaTeX Warning: `h' float specifier changed to `ht'.


Underfull \vbox (badness 10000) has occurred while \output is active []

 [21 <./Images/ClusteringCenters.png>] [22 <./Images/DurationvsNBL.png (PNG cop
y)> <./Images/DistancevsNBL.png (PNG copy)> <./Images/CollisionsvsNBL.png (PNG 
copy)> <./Images/ImpactsZone2vsNBL.png (PNG copy)> <./Images/ImpactsZone3vsNBL.
png (PNG copy)> <./Images/MetLoad2vsNBL.png (PNG copy)>]
<Images/KNNCrossValidation.png, id=139, 391.4625pt x 435.12563pt>
File: Images/KNNCrossValidation.png Graphic file (type png)

<use Images/KNNCrossValidation.png>
Package pdftex.def Info: Images/KNNCrossValidation.png used on input line 429.
(pdftex.def)             Requested size: 147.95688pt x 142.26399pt.

Overfull \hbox (5.6931pt too wide) in paragraph at lines 429--430
[][] 
 []


Underfull \hbox (badness 10000) in paragraph at lines 425--431

 []


Underfull \hbox (badness 2582) in paragraph at lines 431--434
\OT1/cmr/m/n/12 in-flu-ence on the re-sult, i.e. the model will have a
 []


Underfull \hbox (badness 1838) in paragraph at lines 431--434
\OT1/cmr/m/n/12 higher ra-tio of vari-ance to bias com-pared to a model
 []


Underfull \hbox (badness 3098) in paragraph at lines 431--434
\OT1/cmr/m/n/12 that uses a rel-a-tively large value of k. The KNN
 []


Underfull \hbox (badness 1769) in paragraph at lines 431--434
\OT1/cmr/m/n/12 model of-fers a non-parametric com-par-i-son to the para-
 []


Underfull \hbox (badness 1552) in paragraph at lines 431--434
\OT1/cmr/m/n/12 out-per-form the non-para-met-ric ap-proach if the para-met-
 []


Underfull \hbox (badness 2744) in paragraph at lines 431--434
\OT1/cmr/m/n/12 ric form that has been se-lected is close to the true
 []


Underfull \hbox (badness 2359) in paragraph at lines 431--434
\OT1/cmr/m/n/12 form of f(x) [[]]. The op-ti-mal value of k was cho-
 []


Underfull \hbox (badness 5022) in paragraph at lines 431--434
\OT1/cmr/m/n/12 sen us-ing cross val-i-da-tion as shown in Fig-ure 2.34.
 []


Underfull \hbox (badness 10000) in paragraph at lines 431--434

 []


Underfull \hbox (badness 10000) in paragraph at lines 431--434

 []

<Images/NBLDistributionTrain.png, id=140, 520.19344pt x 435.12563pt>
File: Images/NBLDistributionTrain.png Graphic file (type png)

<use Images/NBLDistributionTrain.png>
Package pdftex.def Info: Images/NBLDistributionTrain.png used on input line 442
.
(pdftex.def)             Requested size: 154.92416pt x 184.94917pt.

<Images/NBLDistributionTest.png, id=141, 520.19344pt x 435.12563pt>
File: Images/NBLDistributionTest.png Graphic file (type png)

<use Images/NBLDistributionTest.png>
Package pdftex.def Info: Images/NBLDistributionTest.png used on input line 449.

(pdftex.def)             Requested size: 154.92416pt x 184.94917pt.

<Images/LinearModelResidualWithOutliers.png, id=142, 520.19344pt x 435.12563pt>
File: Images/LinearModelResidualWithOutliers.png Graphic file (type png)
<use Images/LinearModelResidualWithOutliers.png>
Package pdftex.def Info: Images/LinearModelResidualWithOutliers.png used on inp
ut line 456.
(pdftex.def)             Requested size: 154.92416pt x 184.94917pt.


LaTeX Warning: `h' float specifier changed to `ht'.

[23 <./Images/KNNCrossValidation.png (PNG copy)>]
Underfull \hbox (badness 10000) in paragraph at lines 469--469
[]\OT1/cmr/bx/n/10 Train set
 []


Underfull \hbox (badness 10000) in paragraph at lines 469--469
\OT1/cmr/bx/n/10 Ad-justed
 []


Underfull \hbox (badness 10000) in paragraph at lines 469--469
[]\OT1/cmr/bx/n/10 Train set
 []


Underfull \hbox (badness 10000) in paragraph at lines 469--469
[]\OT1/cmr/bx/n/10 Test Set
 []


Overfull \hbox (12.7768pt too wide) in paragraph at lines 465--516
 [][] 
 []


Underfull \hbox (badness 10000) in paragraph at lines 525--525
[]\OT1/cmr/bx/n/10 Train set
 []


Underfull \hbox (badness 10000) in paragraph at lines 525--525
\OT1/cmr/bx/n/10 Ad-justed
 []


Underfull \hbox (badness 10000) in paragraph at lines 525--525
[]\OT1/cmr/bx/n/10 Train set
 []


Underfull \hbox (badness 10000) in paragraph at lines 525--525
[]\OT1/cmr/bx/n/10 Test Set
 []


Overfull \hbox (12.7768pt too wide) in paragraph at lines 521--572
 [][] 
 []


Underfull \vbox (badness 10000) has occurred while \output is active []

 [24 <./Images/NBLDistributionTrain.png (PNG copy)> <./Images/NBLDistributionTe
st.png (PNG copy)> <./Images/LinearModelResidualWithOutliers.png (PNG copy)>] [
25]
[26]
Overfull \hbox (29.991pt too wide) in paragraph at lines 589--590
\OT1/cmr/m/n/12 The mod-els that were most in-ter-pretable and also ex-plained 
the vari-ance ob-served in New.Bodyload
 []

[27]
Underfull \hbox (badness 10000) in paragraph at lines 592--593
\OT1/cmr/m/n/12 pacts.Zone.2, Im-pacts.Zone.3, Im-pacts.Zone.4, Im-pacts.Zone.6
, Col-li-sions and
 []


Overfull \hbox (20.38016pt too wide) in paragraph at lines 594--601
\OT1/cmr/m/n/12 0\OML/cmm/m/it/12 :\OT1/cmr/m/n/12 384 \OMS/cmsy/m/n/12 ^^F [] 
\OT1/cmr/m/n/12 + \OML/cmm/m/it/12 Duration\OT1/cmr/m/n/12 (0\OML/cmm/m/it/12 :
\OT1/cmr/m/n/12 239 \OMS/cmsy/m/n/12 ^^F []\OT1/cmr/m/n/12 ) + \OML/cmm/m/it/12
 Impacts:Zone:\OT1/cmr/m/n/12 2(0\OML/cmm/m/it/12 :\OT1/cmr/m/n/12 035 \OMS/cms
y/m/n/12 ^^F []\OT1/cmr/m/n/12 ) + \OML/cmm/m/it/12 Impacts:Zone:\OT1/cmr/m/n/1
2 3(0\OML/cmm/m/it/12 :\OT1/cmr/m/n/12 174 \OMS/cmsy/m/n/12 ^^F
 []


Underfull \hbox (badness 10000) in paragraph at lines 594--601

 []


Underfull \hbox (badness 2088) in paragraph at lines 604--608
\OT1/cmr/m/n/12 3\OML/cmm/m/it/12 :\OT1/cmr/m/n/12 677 \OMS/cmsy/m/n/12 ^^F [] 
\OT1/cmr/m/n/12 + \OML/cmm/m/it/12 Impacts:Zone:\OT1/cmr/m/n/12 2(0\OML/cmm/m/i
t/12 :\OT1/cmr/m/n/12 033 \OMS/cmsy/m/n/12 ^^F []\OT1/cmr/m/n/12 ) + \OML/cmm/m
/it/12 Impacts:Zone:\OT1/cmr/m/n/12 3(0\OML/cmm/m/it/12 :\OT1/cmr/m/n/12 243 \O
MS/cmsy/m/n/12 ^^F []\OT1/cmr/m/n/12 ) +
 []

File: Images/BestSubsetSelectionConclusion.png Graphic file (type png)
<use Images/BestSubsetSelectionConclusion.png>
Package pdftex.def Info: Images/BestSubsetSelectionConclusion.png used on input
 line 617.
(pdftex.def)             Requested size: 211.25558pt x 119.50188pt.

<Images/InteractionModelConclusion.png, id=162, 490.83376pt x 226.8475pt>
File: Images/InteractionModelConclusion.png Graphic file (type png)

<use Images/InteractionModelConclusion.png>
Package pdftex.def Info: Images/InteractionModelConclusion.png used on input li
ne 623.
(pdftex.def)             Requested size: 211.2566pt x 119.5017pt.
 [28 <./Images/InteractionModelConclusion.png>]
Underfull \hbox (badness 10000) in paragraph at lines 629--634

 []

) [29]
Chapter 3.
(./Chapters/Computer.tex
LaTeX Font Info:    Font shape `OMS/cmr/m/n' in size <12> not available
(Font)              Font shape `OMS/cmsy/m/n' tried instead on input line 11.
 [30

]
LaTeX Font Info:    Font shape `OMS/cmr/m/n' in size <6> not available
(Font)              Font shape `OMS/cmsy/m/n' tried instead on input line 24.
LaTeX Font Info:    Font shape `OML/cmr/m/n' in size <6> not available
(Font)              Font shape `OML/cmm/m/it' tried instead on input line 35.
LaTeX Font Info:    Font shape `OML/cmr/bx/n' in size <6> not available
(Font)              Font shape `OML/cmm/b/it' tried instead on input line 35.

<Images/RDropCheckbox.png, id=173, 601.24625pt x 74.2775pt>
File: Images/RDropCheckbox.png Graphic file (type png)

<use Images/RDropCheckbox.png>
Package pdftex.def Info: Images/RDropCheckbox.png used on input line 73.
(pdftex.def)             Requested size: 225.34752pt x 28.45241pt.

<Images/RDropLogin.png, id=174, 453.695pt x 484.81125pt>
File: Images/RDropLogin.png Graphic file (type png)

<use Images/RDropLogin.png>
Package pdftex.def Info: Images/RDropLogin.png used on input line 78.
(pdftex.def)             Requested size: 169.00679pt x 85.35367pt.

<Images/RDropAuth.png, id=175, 594.22pt x 284.06125pt>
File: Images/RDropAuth.png Graphic file (type png)

<use Images/RDropAuth.png>
Package pdftex.def Info: Images/RDropAuth.png used on input line 84.
(pdftex.def)             Requested size: 211.26239pt x 85.35773pt.

<Images/rdropDropDown.png, id=176, 338.26375pt x 97.36375pt>
File: Images/rdropDropDown.png Graphic file (type png)

<use Images/rdropDropDown.png>
Package pdftex.def Info: Images/rdropDropDown.png used on input line 89.
(pdftex.def)             Requested size: 211.26463pt x 56.9048pt.


LaTeX Warning: `h' float specifier changed to `ht'.


Underfull \vbox (badness 3460) has occurred while \output is active []

 [31]
[32 <./Images/RDropCheckbox.png> <./Images/RDropLogin.png> <./Images/RDropAuth.
png> <./Images/rdropDropDown.png>]
<Images/PlotTab.png, id=186, 1582.91376pt x 761.84625pt>
File: Images/PlotTab.png Graphic file (type png)

<use Images/PlotTab.png>
Package pdftex.def Info: Images/PlotTab.png used on input line 107.
(pdftex.def)             Requested size: 284.52573pt x 142.25294pt.

Overfull \hbox (28.45093pt too wide) in paragraph at lines 107--108
[][] 
 []

<Images/TrainingCalendarTab.png, id=187, 1581.91pt x 827.09pt>
File: Images/TrainingCalendarTab.png Graphic file (type png)

<use Images/TrainingCalendarTab.png>
Package pdftex.def Info: Images/TrainingCalendarTab.png used on input line 115.

(pdftex.def)             Requested size: 284.51427pt x 142.2567pt.

Overfull \hbox (28.43947pt too wide) in paragraph at lines 115--116
[][] 
 []

<Images/BarplotTab.png, id=188, 1572.87625pt x 607.26875pt>
File: Images/BarplotTab.png Graphic file (type png)

<use Images/BarplotTab.png>
Package pdftex.def Info: Images/BarplotTab.png used on input line 124.
(pdftex.def)             Requested size: 284.52151pt x 142.2634pt.

Overfull \hbox (28.44672pt too wide) in paragraph at lines 124--125
[][] 
 []

[33 <./Images/PlotTab.png> <./Images/TrainingCalendarTab.png> <./Images/Barplot
Tab.png>] <Images/RankingsTab.png, id=192, 1602.98875pt x 537.00626pt>
File: Images/RankingsTab.png Graphic file (type png)

<use Images/RankingsTab.png>
Package pdftex.def Info: Images/RankingsTab.png used on input line 132.
(pdftex.def)             Requested size: 284.51414pt x 128.03195pt.

Overfull \hbox (28.43935pt too wide) in paragraph at lines 132--133
[][] 
 []

<Images/DownloadReportTab.png, id=193, 1581.91pt x 843.15pt>
File: Images/DownloadReportTab.png Graphic file (type png)

<use Images/DownloadReportTab.png>
Package pdftex.def Info: Images/DownloadReportTab.png used on input line 141.
(pdftex.def)             Requested size: 284.51427pt x 142.2529pt.

Overfull \hbox (28.43947pt too wide) in paragraph at lines 141--142
[][] 
 []

[34 <./Images/RankingsTab.png> <./Images/DownloadReportTab.png>]
<Images/ReactiveExpressionExample.png, id=197, 294.09875pt x 258.9675pt>
File: Images/ReactiveExpressionExample.png Graphic file (type png)

<use Images/ReactiveExpressionExample.png>
Package pdftex.def Info: Images/ReactiveExpressionExample.png used on input lin
e 152.
(pdftex.def)             Requested size: 128.03513pt x 85.35678pt.

Overfull \hbox (14.2241pt too wide) in paragraph at lines 152--153
[][] 
 []

LaTeX Font Info:    Font shape `OMS/cmr/m/n' in size <10.95> not available
(Font)              Font shape `OMS/cmsy/m/n' tried instead on input line 157.
<Images/ObserveExample.png, id=198, 278.03876pt x 235.88126pt>
File: Images/ObserveExample.png Graphic file (type png)

<use Images/ObserveExample.png>
Package pdftex.def Info: Images/ObserveExample.png used on input line 171.
(pdftex.def)             Requested size: 128.03937pt x 85.3599pt.

Overfull \hbox (14.22835pt too wide) in paragraph at lines 171--172
[][] 
 []


Overfull \hbox (10.1445pt too wide) in paragraph at lines 183--184
[][][][][][][][][][][][][][][][][][][][][][][][][][][][][][][][][] 
 []

[35 <./Images/ReactiveExpressionExample.png> <./Images/ObserveExample.png>]
<Images/RenderExpression.png, id=205, 279.0425pt x 314.17375pt>
File: Images/RenderExpression.png Graphic file (type png)

<use Images/RenderExpression.png>
Package pdftex.def Info: Images/RenderExpression.png used on input line 193.
(pdftex.def)             Requested size: 128.04176pt x 85.35536pt.

Overfull \hbox (14.23074pt too wide) in paragraph at lines 193--194
[][] 
 []


Underfull \hbox (badness 1275) in paragraph at lines 207--207
[]\OT1/cmr/bx/n/8 Figure 3.13: |\OT1/cmr/m/n/8 Ren-der & Ob-serve
 []

<Images/ReactOutput.png, id=206, 57.21375pt x 43.16125pt>
File: Images/ReactOutput.png Graphic file (type png)

<use Images/ReactOutput.png>
Package pdftex.def Info: Images/ReactOutput.png used on input line 208.
(pdftex.def)             Requested size: 42.68059pt x 22.76273pt.

Underfull \hbox (badness 10000) in paragraph at lines 209--209
[]\OT1/cmr/bx/n/8 Figure 3.14: |\OT1/cmr/m/n/8 Re-ac-tive Nodes
 []

<Images/MidPoint.png, id=207, 66.2475pt x 46.1725pt>
File: Images/MidPoint.png Graphic file (type png)
 <use Images/MidPoint.png>
Package pdftex.def Info: Images/MidPoint.png used on input line 210.
(pdftex.def)             Requested size: 42.67926pt x 22.76208pt.

<Images/InputNode.png, id=208, 60.225pt x 44.165pt>
File: Images/InputNode.png Graphic file (type png)
 <use Images/InputNode.png>
Package pdftex.def Info: Images/InputNode.png used on input line 212.
(pdftex.def)             Requested size: 42.68008pt x 22.76239pt.

<Images/ReactLog.png, id=209, 1076.02pt x 793.96625pt>
File: Images/ReactLog.png Graphic file (type png)

<use Images/ReactLog.png>
Package pdftex.def Info: Images/ReactLog.png used on input line 216.
(pdftex.def)             Requested size: 512.1492pt x 284.53133pt.

Overfull \hbox (42.67871pt too wide) in paragraph at lines 216--217
[][] 
 []


LaTeX Warning: `h' float specifier changed to `ht'.

[36 <./Images/RenderExpression.png> <./Images/ReactOutput.png> <./Images/MidPoi
nt.png> <./Images/InputNode.png>]) [37 <./Images/ReactLog.png>]
Chapter 4.
(./Chapters/Conclusion.tex
Underfull \hbox (badness 10000) in paragraph at lines 1--17

 []


Underfull \hbox (badness 10000) in paragraph at lines 1--17

 []


Underfull \hbox (badness 10000) in paragraph at lines 1--17

 []


Underfull \hbox (badness 10000) in paragraph at lines 1--17

 []


Underfull \hbox (badness 10000) in paragraph at lines 1--17

 []

[38

]) [39]
Underfull \hbox (badness 10000) in paragraph at lines 108--110
\OT1/cmtt/m/n/12 https : / / github . com / DavidLSmyth / FinalYearProjectCode 
/ blob / master /
 []


Underfull \hbox (badness 10000) in paragraph at lines 112--114
\OT1/cmtt/m/n/12 https : / / github . com / DavidLSmyth / FinalYearProjectCode 
/ blob / master /
 []


Underfull \hbox (badness 10000) in paragraph at lines 116--118
\OT1/cmtt/m/n/12 https : / / github . com / DavidLSmyth / FinalYearProjectCode 
/ blob / master /
 []


Underfull \hbox (badness 10000) in paragraph at lines 120--122
\OT1/cmtt/m/n/12 https : / / github . com / DavidLSmyth / FinalYearProjectCode 
/ blob / master /
 []


Underfull \hbox (badness 10000) in paragraph at lines 124--126
\OT1/cmtt/m/n/12 https : / / github . com / DavidLSmyth / FinalYearProjectCode 
/ blob / master /
 []

[40

] [41] (./FYPDocument.aux)

LaTeX Warning: There were multiply-defined labels.

 ) 
Here is how much of TeX's memory you used:
 8210 strings out of 495020
 118713 string characters out of 6181324
 346693 words of memory out of 5000000
 11215 multiletter control sequences out of 15000+600000
 17391 words of font info for 61 fonts, out of 8000000 for 9000
 14 hyphenation exceptions out of 8191
 38i,12n,75p,1643b,1828s stack positions out of 5000i,500n,10000p,200000b,80000s
</usr/share/texlive/texmf-dist/fonts/type1/public/amsfonts/cmextra/cmbsy6.pfb
></usr/share/texlive/texmf-dist/fonts/type1/public/amsfonts/cm/cmbx10.pfb></usr
/share/texlive/texmf-dist/fonts/type1/public/amsfonts/cm/cmbx12.pfb></usr/share
/texlive/texmf-dist/fonts/type1/public/amsfonts/cm/cmbx6.pfb></usr/share/texliv
e/texmf-dist/fonts/type1/public/amsfonts/cm/cmbx8.pfb></usr/share/texlive/texmf
-dist/fonts/type1/public/amsfonts/cm/cmex10.pfb></usr/share/texlive/texmf-dist/
fonts/type1/public/amsfonts/cmextra/cmex8.pfb></usr/share/texlive/texmf-dist/fo
nts/type1/public/amsfonts/cm/cmmi10.pfb></usr/share/texlive/texmf-dist/fonts/ty
pe1/public/amsfonts/cm/cmmi12.pfb></usr/share/texlive/texmf-dist/fonts/type1/pu
blic/amsfonts/cm/cmmi6.pfb></usr/share/texlive/texmf-dist/fonts/type1/public/am
sfonts/cm/cmmi8.pfb></usr/share/texlive/texmf-dist/fonts/type1/public/amsfonts/
cmextra/cmmib6.pfb></usr/share/texlive/texmf-dist/fonts/type1/public/amsfonts/c
m/cmr10.pfb></usr/share/texlive/texmf-dist/fonts/type1/public/amsfonts/cm/cmr12
.pfb></usr/share/texlive/texmf-dist/fonts/type1/public/amsfonts/cm/cmr6.pfb></u
sr/share/texlive/texmf-dist/fonts/type1/public/amsfonts/cm/cmr7.pfb></usr/share
/texlive/texmf-dist/fonts/type1/public/amsfonts/cm/cmr8.pfb></usr/share/texlive
/texmf-dist/fonts/type1/public/amsfonts/cm/cmss8.pfb></usr/share/texlive/texmf-
dist/fonts/type1/public/amsfonts/cm/cmsy10.pfb></usr/share/texlive/texmf-dist/f
onts/type1/public/amsfonts/cm/cmsy6.pfb></usr/share/texlive/texmf-dist/fonts/ty
pe1/public/amsfonts/cm/cmsy8.pfb></usr/share/texlive/texmf-dist/fonts/type1/pub
lic/amsfonts/cm/cmti10.pfb></usr/share/texlive/texmf-dist/fonts/type1/public/am
sfonts/cm/cmti12.pfb></usr/share/texlive/texmf-dist/fonts/type1/public/amsfonts
/cm/cmti7.pfb></usr/share/texlive/texmf-dist/fonts/type1/public/amsfonts/cm/cmt
t12.pfb>
Output written on FYPDocument.pdf (43 pages, 2510594 bytes).
PDF statistics:
 311 PDF objects out of 1000 (max. 8388607)
 173 compressed objects within 2 object streams
 0 named destinations out of 1000 (max. 500000)
 276 words of extra memory for PDF output out of 10000 (max. 10000000)

